INFO: [VRFC 10-2263] Analyzing Verilog file "D:/USTC_CS_Work/CompArch/labs/lab4/lab4.srcs/sources_1/new/CPUSrcCode/ALU.v" into library xil_defaultlib
INFO: [VRFC 10-311] analyzing module ALU
INFO: [VRFC 10-2263] Analyzing Verilog file "D:/USTC_CS_Work/CompArch/labs/lab4/lab4.srcs/sources_1/new/CPUSrcCode/IdExSegReg/AddrEx.v" into library xil_defaultlib
INFO: [VRFC 10-311] analyzing module Addr_EX
INFO: [VRFC 10-2263] Analyzing Verilog file "D:/USTC_CS_Work/CompArch/labs/lab4/lab4.srcs/sources_1/new/CPUSrcCode/ExMemSegReg/AddrMem.v" into library xil_defaultlib
INFO: [VRFC 10-311] analyzing module Addr_MEM
INFO: [VRFC 10-2263] Analyzing Verilog file "D:/USTC_CS_Work/CompArch/labs/lab4/lab4.srcs/sources_1/new/CPUSrcCode/MemWbSegReg/AddrWb.v" into library xil_defaultlib
INFO: [VRFC 10-311] analyzing module Addr_WB
INFO: [VRFC 10-2263] Analyzing Verilog file "D:/USTC_CS_Work/CompArch/labs/lab4/lab4.srcs/sources_1/new/CPUSrcCode/IdExSegReg/BrTarget.v" into library xil_defaultlib
INFO: [VRFC 10-311] analyzing module BR_Target_EX
INFO: [VRFC 10-2263] Analyzing Verilog file "D:/USTC_CS_Work/CompArch/labs/lab4/lab4.srcs/sources_1/new/CPUSrcCode/BranchDecision.v" into library xil_defaultlib
INFO: [VRFC 10-311] analyzing module BranchDecision
INFO: [VRFC 10-2263] Analyzing Verilog file "D:/USTC_CS_Work/CompArch/labs/lab4/lab4.srcs/sources_1/new/CPUSrcCode/CSR/CSR_EX.v" into library xil_defaultlib
INFO: [VRFC 10-311] analyzing module CSR_EX
INFO: [VRFC 10-2263] Analyzing Verilog file "D:/USTC_CS_Work/CompArch/labs/lab4/lab4.srcs/sources_1/new/CPUSrcCode/CSR/CSR_Regfile.v" into library xil_defaultlib
INFO: [VRFC 10-311] analyzing module CSR_Regfile
INFO: [VRFC 10-2263] Analyzing Verilog file "D:/USTC_CS_Work/CompArch/labs/lab4/lab4.srcs/sources_1/new/CPUSrcCode/ControllerDecoder.v" into library xil_defaultlib
INFO: [VRFC 10-311] analyzing module ControllerDecoder
INFO: [VRFC 10-2263] Analyzing Verilog file "D:/USTC_CS_Work/CompArch/labs/lab4/lab4.srcs/sources_1/new/CPUSrcCode/IdExSegReg/CtrlEx.v" into library xil_defaultlib
INFO: [VRFC 10-311] analyzing module Ctrl_EX
INFO: [VRFC 10-2263] Analyzing Verilog file "D:/USTC_CS_Work/CompArch/labs/lab4/lab4.srcs/sources_1/new/CPUSrcCode/ExMemSegReg/CtrlMem.v" into library xil_defaultlib
INFO: [VRFC 10-311] analyzing module Ctrl_MEM
INFO: [VRFC 10-2263] Analyzing Verilog file "D:/USTC_CS_Work/CompArch/labs/lab4/lab4.srcs/sources_1/new/CPUSrcCode/MemWbSegReg/CtrlWb.v" into library xil_defaultlib
INFO: [VRFC 10-311] analyzing module Ctrl_WB
INFO: [VRFC 10-2263] Analyzing Verilog file "D:/USTC_CS_Work/CompArch/labs/lab4/lab4.srcs/sources_1/new/CPUSrcCode/DataExtend.v" into library xil_defaultlib
INFO: [VRFC 10-311] analyzing module DataExtend
INFO: [VRFC 10-2263] Analyzing Verilog file "D:/USTC_CS_Work/CompArch/labs/lab4/lab4.srcs/sources_1/new/CPUSrcCode/GeneralRegister.v" into library xil_defaultlib
INFO: [VRFC 10-311] analyzing module RegisterFile
INFO: [VRFC 10-2263] Analyzing Verilog file "D:/USTC_CS_Work/CompArch/labs/lab4/lab4.srcs/sources_1/new/CPUSrcCode/Hazard.v" into library xil_defaultlib
INFO: [VRFC 10-311] analyzing module HarzardUnit
INFO: [VRFC 10-2263] Analyzing Verilog file "D:/USTC_CS_Work/CompArch/labs/lab4/lab4.srcs/sources_1/new/CPUSrcCode/IfIdSegReg/IR.v" into library xil_defaultlib
INFO: [VRFC 10-311] analyzing module IR_ID
INFO: [VRFC 10-2263] Analyzing Verilog file "D:/USTC_CS_Work/CompArch/labs/lab4/lab4.srcs/sources_1/new/CPUSrcCode/IdExSegReg/Imm.v" into library xil_defaultlib
INFO: [VRFC 10-311] analyzing module Imm_EX
INFO: [VRFC 10-2263] Analyzing Verilog file "D:/USTC_CS_Work/CompArch/labs/lab4/lab4.srcs/sources_1/new/CPUSrcCode/ImmExtend.v" into library xil_defaultlib
INFO: [VRFC 10-311] analyzing module ImmExtend
INFO: [VRFC 10-2263] Analyzing Verilog file "D:/USTC_CS_Work/CompArch/labs/lab4/lab4.srcs/sources_1/new/CPUSrcCode/Cache/InstructionCache.v" into library xil_defaultlib
INFO: [VRFC 10-311] analyzing module InstructionCache
INFO: [VRFC 10-2263] Analyzing Verilog file "D:/USTC_CS_Work/CompArch/labs/lab4/lab4.srcs/sources_1/new/CPUSrcCode/NPCGenerator.v" into library xil_defaultlib
INFO: [VRFC 10-311] analyzing module NPC_Generator
INFO: [VRFC 10-2263] Analyzing Verilog file "D:/USTC_CS_Work/CompArch/labs/lab4/lab4.srcs/sources_1/new/CPUSrcCode/IdExSegReg/Op1.v" into library xil_defaultlib
INFO: [VRFC 10-311] analyzing module Op1_EX
INFO: [VRFC 10-2263] Analyzing Verilog file "D:/USTC_CS_Work/CompArch/labs/lab4/lab4.srcs/sources_1/new/CPUSrcCode/PC.v" into library xil_defaultlib
INFO: [VRFC 10-311] analyzing module PC_IF
INFO: [VRFC 10-2263] Analyzing Verilog file "D:/USTC_CS_Work/CompArch/labs/lab4/lab4.srcs/sources_1/new/CPUSrcCode/IdExSegReg/PcEx.v" into library xil_defaultlib
INFO: [VRFC 10-311] analyzing module PC_EX
INFO: [VRFC 10-2263] Analyzing Verilog file "D:/USTC_CS_Work/CompArch/labs/lab4/lab4.srcs/sources_1/new/CPUSrcCode/IfIdSegReg/PcId.v" into library xil_defaultlib
INFO: [VRFC 10-311] analyzing module PC_ID
INFO: [VRFC 10-2263] Analyzing Verilog file "D:/USTC_CS_Work/CompArch/labs/lab4/lab4.srcs/sources_1/new/CPUSrcCode/RV32ICore.v" into library xil_defaultlib
INFO: [VRFC 10-311] analyzing module RV32ICore
INFO: [VRFC 10-2263] Analyzing Verilog file "D:/USTC_CS_Work/CompArch/labs/lab4/lab4.srcs/sources_1/new/CPUSrcCode/IdExSegReg/Reg2Ex.v" into library xil_defaultlib
INFO: [VRFC 10-311] analyzing module Reg2_EX
INFO: [VRFC 10-2263] Analyzing Verilog file "D:/USTC_CS_Work/CompArch/labs/lab4/lab4.srcs/sources_1/new/CPUSrcCode/ExMemSegReg/Reg2Mem.v" into library xil_defaultlib
INFO: [VRFC 10-311] analyzing module Reg2_MEM
INFO: [VRFC 10-2263] Analyzing Verilog file "D:/USTC_CS_Work/CompArch/labs/lab4/lab4.srcs/sources_1/new/CPUSrcCode/ExMemSegReg/Result.v" into library xil_defaultlib
INFO: [VRFC 10-311] analyzing module Result_MEM
INFO: [VRFC 10-2263] Analyzing Verilog file "D:/USTC_CS_Work/CompArch/labs/lab4/lab4.srcs/sources_1/new/CPUSrcCode/MemWbSegReg/WbData.v" into library xil_defaultlib
INFO: [VRFC 10-311] analyzing module WB_Data_WB
