INFO: [VRFC 10-2263] Analyzing Verilog file "D:/USTC_CS_Work/CompArch/labs/lab2/lab2.srcs/sources_1/new/ALU.v" into library xil_defaultlib
INFO: [VRFC 10-311] analyzing module ALU
INFO: [VRFC 10-2263] Analyzing Verilog file "D:/USTC_CS_Work/CompArch/labs/lab2/lab2.srcs/sources_1/new/IdExSegReg/AddrEx.v" into library xil_defaultlib
INFO: [VRFC 10-311] analyzing module Addr_EX
INFO: [VRFC 10-2263] Analyzing Verilog file "D:/USTC_CS_Work/CompArch/labs/lab2/lab2.srcs/sources_1/new/ExMemSegReg/AddrMem.v" into library xil_defaultlib
INFO: [VRFC 10-311] analyzing module Addr_MEM
INFO: [VRFC 10-2263] Analyzing Verilog file "D:/USTC_CS_Work/CompArch/labs/lab2/lab2.srcs/sources_1/new/MemWbSegReg/AddrWb.v" into library xil_defaultlib
INFO: [VRFC 10-311] analyzing module Addr_WB
INFO: [VRFC 10-2263] Analyzing Verilog file "D:/USTC_CS_Work/CompArch/labs/lab2/lab2.srcs/sources_1/new/IdExSegReg/BrTarget.v" into library xil_defaultlib
INFO: [VRFC 10-311] analyzing module BR_Target_EX
INFO: [VRFC 10-2263] Analyzing Verilog file "D:/USTC_CS_Work/CompArch/labs/lab2/lab2.srcs/sources_1/new/BranchDecision.v" into library xil_defaultlib
INFO: [VRFC 10-311] analyzing module BranchDecision
INFO: [VRFC 10-2263] Analyzing Verilog file "D:/USTC_CS_Work/CompArch/labs/lab2/lab2.srcs/sources_1/new/CSR/CSR_EX.v" into library xil_defaultlib
INFO: [VRFC 10-311] analyzing module CSR_EX
INFO: [VRFC 10-2263] Analyzing Verilog file "D:/USTC_CS_Work/CompArch/labs/lab2/lab2.srcs/sources_1/new/CSR/CSR_Regfile.v" into library xil_defaultlib
INFO: [VRFC 10-311] analyzing module CSR_Regfile
INFO: [VRFC 10-2263] Analyzing Verilog file "D:/USTC_CS_Work/CompArch/labs/lab2/lab2.srcs/sources_1/new/ControllerDecoder.v" into library xil_defaultlib
INFO: [VRFC 10-311] analyzing module ControllerDecoder
INFO: [VRFC 10-2263] Analyzing Verilog file "D:/USTC_CS_Work/CompArch/labs/lab2/lab2.srcs/sources_1/new/IdExSegReg/CtrlEx.v" into library xil_defaultlib
INFO: [VRFC 10-311] analyzing module Ctrl_EX
INFO: [VRFC 10-2263] Analyzing Verilog file "D:/USTC_CS_Work/CompArch/labs/lab2/lab2.srcs/sources_1/new/ExMemSegReg/CtrlMem.v" into library xil_defaultlib
INFO: [VRFC 10-311] analyzing module Ctrl_MEM
INFO: [VRFC 10-2263] Analyzing Verilog file "D:/USTC_CS_Work/CompArch/labs/lab2/lab2.srcs/sources_1/new/MemWbSegReg/CtrlWb.v" into library xil_defaultlib
INFO: [VRFC 10-311] analyzing module Ctrl_WB
INFO: [VRFC 10-2263] Analyzing Verilog file "D:/USTC_CS_Work/CompArch/labs/lab2/lab2.srcs/sources_1/new/Cache/DataCache.v" into library xil_defaultlib
INFO: [VRFC 10-311] analyzing module DataCache
INFO: [VRFC 10-2263] Analyzing Verilog file "D:/USTC_CS_Work/CompArch/labs/lab2/lab2.srcs/sources_1/new/DataExtend.v" into library xil_defaultlib
INFO: [VRFC 10-311] analyzing module DataExtend
INFO: [VRFC 10-2263] Analyzing Verilog file "D:/USTC_CS_Work/CompArch/labs/lab2/lab2.srcs/sources_1/new/GeneralRegister.v" into library xil_defaultlib
INFO: [VRFC 10-311] analyzing module RegisterFile
INFO: [VRFC 10-2263] Analyzing Verilog file "D:/USTC_CS_Work/CompArch/labs/lab2/lab2.srcs/sources_1/new/Hazard.v" into library xil_defaultlib
INFO: [VRFC 10-311] analyzing module HarzardUnit
INFO: [VRFC 10-2263] Analyzing Verilog file "D:/USTC_CS_Work/CompArch/labs/lab2/lab2.srcs/sources_1/new/IfIdSegReg/IR.v" into library xil_defaultlib
INFO: [VRFC 10-311] analyzing module IR_ID
INFO: [VRFC 10-2263] Analyzing Verilog file "D:/USTC_CS_Work/CompArch/labs/lab2/lab2.srcs/sources_1/new/IdExSegReg/Imm.v" into library xil_defaultlib
INFO: [VRFC 10-311] analyzing module Imm_EX
INFO: [VRFC 10-2263] Analyzing Verilog file "D:/USTC_CS_Work/CompArch/labs/lab2/lab2.srcs/sources_1/new/ImmExtend.v" into library xil_defaultlib
INFO: [VRFC 10-311] analyzing module ImmExtend
INFO: [VRFC 10-2263] Analyzing Verilog file "D:/USTC_CS_Work/CompArch/labs/lab2/lab2.srcs/sources_1/new/Cache/InstructionCache.v" into library xil_defaultlib
INFO: [VRFC 10-311] analyzing module InstructionCache
INFO: [VRFC 10-2263] Analyzing Verilog file "D:/USTC_CS_Work/CompArch/labs/lab2/lab2.srcs/sources_1/new/NPCGenerator.v" into library xil_defaultlib
INFO: [VRFC 10-311] analyzing module NPC_Generator
INFO: [VRFC 10-2263] Analyzing Verilog file "D:/USTC_CS_Work/CompArch/labs/lab2/lab2.srcs/sources_1/new/IdExSegReg/Op1.v" into library xil_defaultlib
INFO: [VRFC 10-311] analyzing module Op1_EX
INFO: [VRFC 10-2263] Analyzing Verilog file "D:/USTC_CS_Work/CompArch/labs/lab2/lab2.srcs/sources_1/new/PC.v" into library xil_defaultlib
INFO: [VRFC 10-311] analyzing module PC_IF
INFO: [VRFC 10-2263] Analyzing Verilog file "D:/USTC_CS_Work/CompArch/labs/lab2/lab2.srcs/sources_1/new/IdExSegReg/PcEx.v" into library xil_defaultlib
INFO: [VRFC 10-311] analyzing module PC_EX
INFO: [VRFC 10-2263] Analyzing Verilog file "D:/USTC_CS_Work/CompArch/labs/lab2/lab2.srcs/sources_1/new/IfIdSegReg/PcId.v" into library xil_defaultlib
INFO: [VRFC 10-311] analyzing module PC_ID
INFO: [VRFC 10-2263] Analyzing Verilog file "D:/USTC_CS_Work/CompArch/labs/lab2/lab2.srcs/sources_1/new/RV32ICore.v" into library xil_defaultlib
INFO: [VRFC 10-311] analyzing module RV32ICore
INFO: [VRFC 10-2263] Analyzing Verilog file "D:/USTC_CS_Work/CompArch/labs/lab2/lab2.srcs/sources_1/new/IdExSegReg/Reg2Ex.v" into library xil_defaultlib
INFO: [VRFC 10-311] analyzing module Reg2_EX
INFO: [VRFC 10-2263] Analyzing Verilog file "D:/USTC_CS_Work/CompArch/labs/lab2/lab2.srcs/sources_1/new/ExMemSegReg/Reg2Mem.v" into library xil_defaultlib
INFO: [VRFC 10-311] analyzing module Reg2_MEM
INFO: [VRFC 10-2263] Analyzing Verilog file "D:/USTC_CS_Work/CompArch/labs/lab2/lab2.srcs/sources_1/new/ExMemSegReg/Result.v" into library xil_defaultlib
INFO: [VRFC 10-311] analyzing module Result_MEM
INFO: [VRFC 10-2263] Analyzing Verilog file "D:/USTC_CS_Work/CompArch/labs/lab2/lab2.srcs/sources_1/new/MemWbSegReg/WbData.v" into library xil_defaultlib
INFO: [VRFC 10-311] analyzing module WB_Data_WB
INFO: [VRFC 10-2263] Analyzing Verilog file "D:/USTC_CS_Work/CompArch/labs/lab2/lab2.sim/testBench.v" into library xil_defaultlib
INFO: [VRFC 10-311] analyzing module testBench
